<?xml version="1.0" encoding="UTF-8"?>
<!-- Generated by org.testng.reporters.JUnitReportReporter -->
<testsuite hostname="DESKTOP-1RDB3AV" failures="0" tests="1" name="register.TC_DWS_04_Test" time="6.477" errors="0" timestamp="2022-08-10T12:26:34 IST" skipped="0">
  <testcase classname="register.TC_DWS_04_Test" name="electrionics" time="6.477"/>
  <system-out>
    <![CDATA[clicked on electrionics in button
clicked on camera ]]>
  </system-out>
</testsuite> <!-- register.TC_DWS_04_Test -->
