<?xml version="1.0" encoding="UTF-8"?>
<!-- Generated by org.testng.reporters.JUnitReportReporter -->
<testsuite hostname="DESKTOP-1RDB3AV" failures="0" tests="1" name="register.TC_DWS_10_Test" time="6.420" errors="0" timestamp="2022-08-10T14:40:32 IST" skipped="0">
  <testcase classname="register.TC_DWS_10_Test" name="description" time="6.420"/>
  <system-out>
    <![CDATA[clicked on computers in button
clicked on notebook ]]>
  </system-out>
</testsuite> <!-- register.TC_DWS_10_Test -->
