<?xml version="1.0" encoding="UTF-8"?>
<!-- Generated by org.testng.reporters.JUnitReportReporter -->
<testsuite hostname="DESKTOP-1RDB3AV" failures="0" tests="1" name="selenium.tc3_Test" time="24.216" errors="0" timestamp="2022-08-09T13:11:57 IST" skipped="0">
  <testcase classname="selenium.tc3_Test" name="ebay" time="24.216"/>
  <system-out/>
</testsuite> <!-- selenium.tc3_Test -->
