<?xml version="1.0" encoding="UTF-8"?>
<!-- Generated by org.testng.reporters.JUnitReportReporter -->
<testsuite hostname="DESKTOP-1RDB3AV" failures="0" tests="1" name="register.TC_09_DWS_Test" time="7.713" errors="0" timestamp="2022-08-10T14:28:13 IST" skipped="0">
  <testcase classname="register.TC_09_DWS_Test" name="description" time="7.713"/>
  <system-out>
    <![CDATA[clicked on electrionics in button
clicked on cellphone ]]>
  </system-out>
</testsuite> <!-- register.TC_09_DWS_Test -->
